2024-11-09 03:06:41.591 [info] Added views:workbench.panel.markers.view in workbench.panel.markers
2024-11-09 03:06:41.591 [info] Added views:workbench.panel.output in workbench.panel.output
2024-11-09 03:06:41.591 [info] Added views:terminal in terminal
2024-11-09 03:06:41.591 [info] Added views:outline in workbench.view.explorer
2024-11-09 03:06:41.591 [info] Added views:workbench.scm in workbench.view.scm
2024-11-09 03:06:41.591 [info] Added views:workbench.view.search in workbench.view.search
2024-11-09 03:06:41.591 [info] Added views:timeline in workbench.view.explorer
2024-11-09 03:06:41.591 [info] Added views:workbench.explorer.emptyView in workbench.view.explorer
2024-11-09 03:06:42.116 [info] Added views:workbench.debug.variablesView,workbench.debug.watchExpressionsView,workbench.debug.callStackView,workbench.debug.breakPointsView in workbench.view.debug
2024-11-09 03:06:42.181 [info] Added views:workbench.panel.repl.view in workbench.panel.repl
2024-11-09 03:06:42.181 [info] Removed views:workbench.debug.breakPointsView,workbench.debug.callStackView,workbench.debug.watchExpressionsView,workbench.debug.variablesView from workbench.view.debug
2024-11-09 03:06:42.181 [info] Added views:workbench.debug.welcome in workbench.view.debug
2024-11-09 03:06:42.449 [info] Added views:~remote.forwardedPorts in ~remote.forwardedPortsContainer
2024-11-09 03:06:59.176 [info] Added views:workbench.views.extensions.installed,workbench.views.extensions.popular,extensions.recommendedList in workbench.view.extensions
2024-11-09 03:06:59.178 [info] Removed views:workbench.views.extensions.popular from workbench.view.extensions
2024-11-09 03:06:59.356 [info] Added views:workbench.views.extensions.popular in workbench.view.extensions
2024-11-09 03:07:13.189 [info] Added views:dockerContainers,dockerImages,dockerRegistries,dockerNetworks,dockerVolumes,vscode-docker.views.dockerContexts,vscode-docker.views.help in workbench.view.extension.dockerView
2024-11-09 03:21:25.841 [info] Added views:workbench.panel.markers.view in workbench.panel.markers
2024-11-09 03:21:25.842 [info] Added views:workbench.panel.output in workbench.panel.output
2024-11-09 03:21:25.842 [info] Added views:terminal in terminal
2024-11-09 03:21:25.842 [info] Added views:outline in workbench.view.explorer
2024-11-09 03:21:25.842 [info] Added views:workbench.scm in workbench.view.scm
2024-11-09 03:21:25.842 [info] Added views:workbench.view.search in workbench.view.search
2024-11-09 03:21:25.842 [info] Added views:timeline in workbench.view.explorer
2024-11-09 03:21:25.842 [info] Added views:workbench.explorer.fileView in workbench.view.explorer
2024-11-09 03:21:26.284 [info] Added views:dockerContainers,dockerImages,dockerRegistries,dockerNetworks,dockerVolumes,vscode-docker.views.dockerContexts,vscode-docker.views.help in workbench.view.extension.dockerView
2024-11-09 03:21:26.347 [info] Added views:workbench.debug.variablesView,workbench.debug.watchExpressionsView,workbench.debug.callStackView,workbench.debug.breakPointsView in workbench.view.debug
2024-11-09 03:21:26.388 [info] Added views:workbench.panel.repl.view in workbench.panel.repl
2024-11-09 03:21:26.389 [info] Removed views:workbench.debug.breakPointsView,workbench.debug.callStackView,workbench.debug.watchExpressionsView,workbench.debug.variablesView from workbench.view.debug
2024-11-09 03:21:26.390 [info] Added views:workbench.debug.welcome in workbench.view.debug
2024-11-09 03:21:26.726 [info] Added views:~remote.forwardedPorts in ~remote.forwardedPortsContainer
2024-11-09 03:21:30.324 [info] Added views:workbench.scm.history in workbench.view.scm
2024-11-09 03:21:54.860 [info] Removed views:workbench.scm.history from workbench.view.scm
