2024-11-09 03:06:42.404 [info] [main] Log level: Info
2024-11-09 03:06:42.404 [info] [main] Validating found git in: "git"
2024-11-09 03:06:42.404 [info] [main] Using git "2.43.0" from "git"
2024-11-09 03:06:42.404 [info] [Model][doInitialScan] Initial repository scan started
2024-11-09 03:06:42.404 [info] [Model][doInitialScan] Initial repository scan completed - repositories (0), closed repositories (0), parent repositories (0), unsafe repositories (0)
2024-11-09 03:21:30.272 [info] [main] Log level: Info
2024-11-09 03:21:30.272 [info] [main] Validating found git in: "git"
2024-11-09 03:21:30.272 [info] [main] Using git "2.43.0" from "git"
2024-11-09 03:21:30.272 [info] [Model][doInitialScan] Initial repository scan started
2024-11-09 03:21:30.308 [info] > git rev-parse --show-toplevel [40ms]
2024-11-09 03:21:30.314 [info] > git rev-parse --git-dir --git-common-dir [1ms]
2024-11-09 03:21:30.322 [info] [Model][openRepository] Opened repository: /home/ishan/gpgpusim/gpgpu-sim_UVMSmart
2024-11-09 03:21:30.336 [info] > git rev-parse --show-toplevel [2ms]
2024-11-09 03:21:30.337 [info] > git config --get commit.template [9ms]
2024-11-09 03:21:30.354 [info] > git rev-parse --show-toplevel [11ms]
2024-11-09 03:21:30.366 [info] > git for-each-ref --format=%(refname)%00%(upstream:short)%00%(objectname)%00%(upstream:track)%00%(upstream:remotename)%00%(upstream:remoteref) refs/heads/master refs/remotes/master [15ms]
2024-11-09 03:21:30.370 [info] > git rev-parse --show-toplevel [5ms]
2024-11-09 03:21:30.384 [info] > git rev-parse --show-toplevel [8ms]
2024-11-09 03:21:30.392 [info] > git status -z -uall [8ms]
2024-11-09 03:21:30.414 [info] > git for-each-ref --format=%(refname)%00%(upstream:short)%00%(objectname)%00%(upstream:track)%00%(upstream:remotename)%00%(upstream:remoteref) refs/heads/master refs/remotes/master [15ms]
2024-11-09 03:21:30.420 [info] > git rev-parse --show-toplevel [31ms]
2024-11-09 03:21:30.471 [info] > git config --local branch.master.vscode-merge-base [51ms]
2024-11-09 03:21:30.478 [info] > git config --get commit.template [63ms]
2024-11-09 03:21:30.488 [info] > git for-each-ref --format=%(refname)%00%(upstream:short)%00%(objectname)%00%(upstream:track)%00%(upstream:remotename)%00%(upstream:remoteref) refs/heads/origin/master refs/remotes/origin/master [11ms]
2024-11-09 03:21:30.494 [info] > git rev-parse --show-toplevel [27ms]
2024-11-09 03:21:30.537 [info] > git rev-parse --show-toplevel [32ms]
2024-11-09 03:21:30.538 [info] > git for-each-ref --format=%(refname)%00%(upstream:short)%00%(objectname)%00%(upstream:track)%00%(upstream:remotename)%00%(upstream:remoteref) refs/heads/master refs/remotes/master [39ms]
2024-11-09 03:21:30.538 [info] > git merge-base refs/heads/master refs/remotes/origin/master [44ms]
2024-11-09 03:21:30.564 [info] > git rev-list --count --left-right refs/heads/master...refs/remotes/origin/master [21ms]
2024-11-09 03:21:30.573 [info] > git diff --name-status -z --diff-filter=ADMR a123ab42d85e333242ee2754f406d56e338213df...refs/remotes/origin/master [3ms]
2024-11-09 03:21:30.574 [info] > git rev-parse --show-toplevel [11ms]
2024-11-09 03:21:30.586 [info] > git rev-parse --show-toplevel [7ms]
2024-11-09 03:21:30.593 [info] > git status -z -uall [8ms]
2024-11-09 03:21:30.605 [info] > git for-each-ref --format=%(refname)%00%(upstream:short)%00%(objectname)%00%(upstream:track)%00%(upstream:remotename)%00%(upstream:remoteref) refs/heads/master refs/remotes/master [6ms]
2024-11-09 03:21:30.611 [info] > git rev-parse --show-toplevel [20ms]
2024-11-09 03:21:30.618 [info] > git config --local branch.master.vscode-merge-base [7ms]
2024-11-09 03:21:30.625 [info] > git for-each-ref --format=%(refname)%00%(upstream:short)%00%(objectname)%00%(upstream:track)%00%(upstream:remotename)%00%(upstream:remoteref) refs/heads/origin/master refs/remotes/origin/master [2ms]
2024-11-09 03:21:30.626 [info] > git rev-parse --show-toplevel [8ms]
2024-11-09 03:21:30.631 [info] > git rev-parse --show-toplevel [1ms]
2024-11-09 03:21:30.637 [info] > git rev-parse --show-toplevel [1ms]
2024-11-09 03:21:30.643 [info] > git rev-parse --show-toplevel [1ms]
2024-11-09 03:21:30.649 [info] > git rev-parse --show-toplevel [1ms]
2024-11-09 03:21:30.656 [info] > git rev-parse --show-toplevel [2ms]
2024-11-09 03:21:30.662 [info] > git rev-parse --show-toplevel [1ms]
2024-11-09 03:21:30.668 [info] > git rev-parse --show-toplevel [2ms]
2024-11-09 03:21:30.674 [info] > git rev-parse --show-toplevel [1ms]
2024-11-09 03:21:30.680 [info] > git rev-parse --show-toplevel [1ms]
2024-11-09 03:21:30.686 [info] > git rev-parse --show-toplevel [1ms]
2024-11-09 03:21:30.693 [info] > git rev-parse --show-toplevel [1ms]
2024-11-09 03:21:30.728 [info] > git rev-parse --show-toplevel [31ms]
2024-11-09 03:21:30.734 [info] > git rev-parse --show-toplevel [2ms]
2024-11-09 03:21:30.739 [info] > git rev-parse --show-toplevel [1ms]
2024-11-09 03:21:30.745 [info] > git rev-parse --show-toplevel [1ms]
2024-11-09 03:21:30.750 [info] > git rev-parse --show-toplevel [1ms]
2024-11-09 03:21:30.757 [info] > git rev-parse --show-toplevel [1ms]
2024-11-09 03:21:30.763 [info] > git rev-parse --show-toplevel [1ms]
2024-11-09 03:21:30.770 [info] > git rev-parse --show-toplevel [1ms]
2024-11-09 03:21:30.771 [info] [Model][doInitialScan] Initial repository scan completed - repositories (1), closed repositories (0), parent repositories (0), unsafe repositories (0)
2024-11-09 03:21:30.869 [info] > git check-ignore -v -z --stdin [1ms]
2024-11-09 03:21:33.909 [info] > git config --get commit.template [7ms]
2024-11-09 03:21:33.910 [info] > git for-each-ref --format=%(refname)%00%(upstream:short)%00%(objectname)%00%(upstream:track)%00%(upstream:remotename)%00%(upstream:remoteref) refs/heads/master refs/remotes/master [2ms]
2024-11-09 03:21:33.922 [info] > git status -z -uall [6ms]
2024-11-09 03:21:33.936 [info] > git for-each-ref --format=%(refname)%00%(upstream:short)%00%(objectname)%00%(upstream:track)%00%(upstream:remotename)%00%(upstream:remoteref) refs/heads/master refs/remotes/master [6ms]
2024-11-09 03:21:33.948 [info] > git config --local branch.master.vscode-merge-base [2ms]
2024-11-09 03:21:33.955 [info] > git for-each-ref --format=%(refname)%00%(upstream:short)%00%(objectname)%00%(upstream:track)%00%(upstream:remotename)%00%(upstream:remoteref) refs/heads/origin/master refs/remotes/origin/master [2ms]
2024-11-09 03:21:38.952 [info] > git config --get commit.template [7ms]
2024-11-09 03:21:38.953 [info] > git for-each-ref --format=%(refname)%00%(upstream:short)%00%(objectname)%00%(upstream:track)%00%(upstream:remotename)%00%(upstream:remoteref) refs/heads/master refs/remotes/master [2ms]
2024-11-09 03:21:38.963 [info] > git status -z -uall [5ms]
2024-11-09 03:21:38.977 [info] > git for-each-ref --format=%(refname)%00%(upstream:short)%00%(objectname)%00%(upstream:track)%00%(upstream:remotename)%00%(upstream:remoteref) refs/heads/master refs/remotes/master [5ms]
2024-11-09 03:21:38.984 [info] > git config --local branch.master.vscode-merge-base [2ms]
2024-11-09 03:21:38.991 [info] > git for-each-ref --format=%(refname)%00%(upstream:short)%00%(objectname)%00%(upstream:track)%00%(upstream:remotename)%00%(upstream:remoteref) refs/heads/origin/master refs/remotes/origin/master [1ms]
2024-11-09 03:21:43.342 [info] > git check-ignore -v -z --stdin [2ms]
2024-11-09 03:21:43.993 [info] > git config --get commit.template [7ms]
2024-11-09 03:21:43.993 [info] > git for-each-ref --format=%(refname)%00%(upstream:short)%00%(objectname)%00%(upstream:track)%00%(upstream:remotename)%00%(upstream:remoteref) refs/heads/master refs/remotes/master [2ms]
2024-11-09 03:21:44.006 [info] > git status -z -uall [6ms]
2024-11-09 03:21:44.018 [info] > git for-each-ref --format=%(refname)%00%(upstream:short)%00%(objectname)%00%(upstream:track)%00%(upstream:remotename)%00%(upstream:remoteref) refs/heads/master refs/remotes/master [4ms]
2024-11-09 03:21:44.028 [info] > git config --local branch.master.vscode-merge-base [2ms]
2024-11-09 03:21:44.035 [info] > git for-each-ref --format=%(refname)%00%(upstream:short)%00%(objectname)%00%(upstream:track)%00%(upstream:remotename)%00%(upstream:remoteref) refs/heads/origin/master refs/remotes/origin/master [1ms]
2024-11-09 03:21:48.736 [info] > git check-ignore -v -z --stdin [2ms]
2024-11-09 03:21:49.028 [info] > git config --get commit.template [2ms]
2024-11-09 03:21:49.036 [info] > git for-each-ref --format=%(refname)%00%(upstream:short)%00%(objectname)%00%(upstream:track)%00%(upstream:remotename)%00%(upstream:remoteref) refs/heads/master refs/remotes/master [2ms]
2024-11-09 03:21:49.077 [info] > git status -z -uall [5ms]
2024-11-09 03:21:49.089 [info] > git for-each-ref --format=%(refname)%00%(upstream:short)%00%(objectname)%00%(upstream:track)%00%(upstream:remotename)%00%(upstream:remoteref) refs/heads/master refs/remotes/master [4ms]
2024-11-09 03:21:49.098 [info] > git config --local branch.master.vscode-merge-base [3ms]
2024-11-09 03:21:49.106 [info] > git for-each-ref --format=%(refname)%00%(upstream:short)%00%(objectname)%00%(upstream:track)%00%(upstream:remotename)%00%(upstream:remoteref) refs/heads/origin/master refs/remotes/origin/master [2ms]
2024-11-09 03:21:54.097 [info] > git config --get commit.template [1ms]
2024-11-09 03:21:54.105 [info] > git for-each-ref --format=%(refname)%00%(upstream:short)%00%(objectname)%00%(upstream:track)%00%(upstream:remotename)%00%(upstream:remoteref) refs/heads/master refs/remotes/master [1ms]
2024-11-09 03:21:54.117 [info] > git status -z -uall [5ms]
2024-11-09 03:21:54.129 [info] > git for-each-ref --format=%(refname)%00%(upstream:short)%00%(objectname)%00%(upstream:track)%00%(upstream:remotename)%00%(upstream:remoteref) refs/heads/master refs/remotes/master [5ms]
2024-11-09 03:21:54.139 [info] > git config --local branch.master.vscode-merge-base [2ms]
2024-11-09 03:21:54.145 [info] > git for-each-ref --format=%(refname)%00%(upstream:short)%00%(objectname)%00%(upstream:track)%00%(upstream:remotename)%00%(upstream:remoteref) refs/heads/origin/master refs/remotes/origin/master [1ms]
